/software/synopsys/syn_current_64.11/auxx/gui/dv/dv_setup.tcl
/software/synopsys/syn_current_64.11/auxx/gui/syn/snpsSynProcs.tcl
/software/synopsys/syn_current_64.11/auxx/tcllib/lib/tcl8.4/package.tcl
/software/synopsys/syn_current_64.11/auxx/gui/syn/layout/pkgIndex.tcl
/software/synopsys/syn_current_64.11/auxx/gui/common/histogram/pkgIndex.tcl
/software/synopsys/syn_current_64.11/auxx/gui/common/misc/pkgIndex.tcl
/software/synopsys/syn_current_64.11/auxx/gui/common/view/pkgIndex.tcl
/software/synopsys/syn_current_64.11/auxx/gui/common/tcl-dp/pkgIndex.tcl
/software/synopsys/syn_current_64.11/auxx/gui/common/fanoutviewer/pkgIndex.tcl
/software/synopsys/syn_current_64.11/auxx/gui/common/setup/pkgIndex.tcl
/software/synopsys/syn_current_64.11/auxx/gui/common/WindowFrameWork/pkgIndex.tcl
/software/synopsys/syn_current_64.11/auxx/gui/common/hierarchy/pkgIndex.tcl
/software/synopsys/syn_current_64.11/auxx/gui/common/profiler/pkgIndex.tcl
/software/synopsys/syn_current_64.11/auxx/gui/common/strokes/pkgIndex.tcl
/software/synopsys/syn_current_64.11/auxx/gui/common/timing/pkgIndex.tcl
/software/synopsys/syn_current_64.11/auxx/gui/common/dialogs/pkgIndex.tcl
/software/synopsys/syn_current_64.11/auxx/gui/common/regressionToolkit/pkgIndex.tcl
/software/synopsys/syn_current_64.11/auxx/gui/common/qtcl/pkgIndex.tcl
/software/synopsys/syn_current_64.11/auxx/gui/common/docBrowser/pkgIndex.tcl
/software/synopsys/syn_current_64.11/auxx/gui/common/highlight/pkgIndex.tcl
/software/synopsys/syn_current_64.11/auxx/gui/common/layout/pkgIndex.tcl
/software/synopsys/syn_current_64.11/auxx/gui/common/table/pkgIndex.tcl
/software/synopsys/syn_current_64.11/auxx/gui/common/schematic/pkgIndex.tcl
/software/synopsys/syn_current_64.11/auxx/gui/common/opdlg/pkgIndex.tcl
/software/synopsys/syn_current_64.11/auxx/gui/common/select/pkgIndex.tcl
/software/synopsys/syn_current_64.11/auxx/gui/common/menus/pkgIndex.tcl
/software/synopsys/syn_current_64.11/auxx/gui/common/pathinspector/pkgIndex.tcl
/software/synopsys/syn_current_64.11/auxx/gui/common/libviewer/pkgIndex.tcl
/software/synopsys/syn_current_64.11/auxx/tcllib/snps_tcl/snpsUtils/pkgIndex.tcl
/software/synopsys/syn_current_64.11/auxx/tcllib/snps_tcl/snpsTest/pkgIndex.tcl
/software/synopsys/syn_current_64.11/auxx/tcllib/snps_tcl/snpsTclPro/pkgIndex.tcl
/software/synopsys/syn_current_64.11/auxx/tcllib/snps_tcl/pkgIndex.tcl
/software/synopsys/syn_current_64.11/auxx/tcllib/lib/tcl8.4/dde/pkgIndex.tcl
/software/synopsys/syn_current_64.11/auxx/tcllib/lib/tcl8.4/tcltest/pkgIndex.tcl
/software/synopsys/syn_current_64.11/auxx/tcllib/lib/tcl8.4/http/pkgIndex.tcl
/software/synopsys/syn_current_64.11/auxx/tcllib/lib/tcl8.4/opt/pkgIndex.tcl
/software/synopsys/syn_current_64.11/auxx/tcllib/lib/tcl8.4/msgcat/pkgIndex.tcl
/software/synopsys/syn_current_64.11/auxx/tcllib/lib/tcl8.4/reg/pkgIndex.tcl
/software/synopsys/syn_current_64.11/auxx/tcllib/lib/tcl8.4/http1.0/pkgIndex.tcl
/software/synopsys/syn_current_64.11/auxx/gui/common/setup/snpsCommonSetup.tcl
/software/synopsys/syn_current_64.11/auxx/gui/common/setup/snpsCustomize.tcl
/software/synopsys/syn_current_64.11/auxx/gui/common/setup/snpsProcheck.tcl
/software/synopsys/syn_current_64.11/auxx/gui/common/qtcl/.synopsys_qtcl.tcl
/software/synopsys/syn_current_64.11/auxx/gui/common/highlight/highlight.tcl
/software/synopsys/syn_current_64.11/auxx/gui/common/misc/base.tcl
/software/synopsys/syn_current_64.11/auxx/gui/common/misc/timing.tcl
/software/synopsys/syn_current_64.11/auxx/gui/common/misc/setting.tcl
/software/synopsys/syn_current_64.11/auxx/gui/common/docBrowser/docBrowser.tcl
/software/synopsys/syn_current_64.11/auxx/tcllib/snps_tcl/snpsUtils/snpsUtils.tcl
/software/synopsys/syn_current_64.11/auxx/gui/common/WindowFrameWork/windowFrameWork.tcl
/software/synopsys/syn_current_64.11/auxx/gui/common/WindowFrameWork/skipBusyCursorCmdList.tcl
/software/synopsys/syn_current_64.11/auxx/gui/common/dialogs/ObjectChooser.tcl
/software/synopsys/syn_current_64.11/auxx/gui/common/misc/DialogObjectChooser.tcl
/software/synopsys/syn_current_64.11/auxx/gui/common/dialogs/HistBinInformation.tcl
/software/synopsys/syn_current_64.11/auxx/gui/common/dialogs/HistBin1Information.tcl
/software/synopsys/syn_current_64.11/auxx/gui/common/dialogs/BinsOnlyInformation.tcl
/software/synopsys/syn_current_64.11/auxx/gui/common/dialogs/FileChooser.tcl
/software/synopsys/syn_current_64.11/auxx/gui/common/dialogs/PathPinSimpleInfo.tcl
/software/synopsys/syn_current_64.11/auxx/gui/common/dialogs/PathsBasicInfo.tcl
/software/synopsys/syn_current_64.11/auxx/gui/common/dialogs/PathsBasicSimpleInfo.tcl
/software/synopsys/syn_current_64.11/auxx/gui/common/dialogs/SlctOperationInfo.tcl
/software/synopsys/syn_current_64.11/auxx/gui/common/dialogs/ObjectListInfo.tcl
/software/synopsys/syn_current_64.11/auxx/gui/common/dialogs/FanInOutInfo.tcl
/software/synopsys/syn_current_64.11/auxx/gui/common/dialogs/NumberOfLevelsChooser.tcl
/software/synopsys/syn_current_64.11/auxx/gui/common/dialogs/WindowReuseInfo.tcl
/software/synopsys/syn_current_64.11/auxx/gui/common/dialogs/ReportOutputOptionInfo.tcl
/software/synopsys/syn_current_64.11/auxx/gui/common/setup/snpsCollections.tcl
/software/synopsys/syn_current_64.11/auxx/gui/common/dialogs/CompileLinkDesign.tcl
/software/synopsys/syn_current_64.11/auxx/gui/common/histogram/DialogEndpointSlack.tcl
/software/synopsys/syn_current_64.11/auxx/gui/common/histogram/DialogPathsSlack.tcl
/software/synopsys/syn_current_64.11/auxx/gui/common/histogram/DialogNetCapacitance.tcl
/software/synopsys/syn_current_64.11/auxx/gui/common/schematic/DialogPathSchematicFanInOut.tcl
/software/synopsys/syn_current_64.11/auxx/gui/common/schematic/DialogPathSchematicAddPaths.tcl
/software/synopsys/syn_current_64.11/auxx/tcllib/lib/tk8.4/tk.tcl
/software/synopsys/syn_current_64.11/auxx/tcllib/lib/tcl8.4/msgcat/msgcat.tcl
/software/synopsys/syn_current_64.11/auxx/tcllib/lib/tk8.4/button.tcl
/software/synopsys/syn_current_64.11/auxx/tcllib/lib/tk8.4/entry.tcl
/software/synopsys/syn_current_64.11/auxx/tcllib/lib/tk8.4/listbox.tcl
/software/synopsys/syn_current_64.11/auxx/tcllib/lib/tk8.4/menu.tcl
/software/synopsys/syn_current_64.11/auxx/tcllib/lib/tk8.4/panedwindow.tcl
/software/synopsys/syn_current_64.11/auxx/tcllib/lib/tk8.4/scale.tcl
/software/synopsys/syn_current_64.11/auxx/tcllib/lib/tk8.4/scrlbar.tcl
/software/synopsys/syn_current_64.11/auxx/tcllib/lib/tk8.4/spinbox.tcl
/software/synopsys/syn_current_64.11/auxx/tcllib/lib/tk8.4/text.tcl
/software/synopsys/syn_current_64.11/auxx/tcllib/lib/tix8.1.4/Init.tcl
/software/synopsys/syn_current_64.11/auxx/tcllib/lib/tix8.1.4/Version.tcl
/software/synopsys/syn_current_64.11/auxx/tcllib/lib/tix8.1.4/UnixFile.tcl
/software/synopsys/syn_current_64.11/auxx/tcllib/lib/tix8.1.4/Tix.tcl
/software/synopsys/syn_current_64.11/auxx/tcllib/lib/tix8.1.4/fs.tcl
/software/synopsys/syn_current_64.11/auxx/tcllib/lib/tix8.1.4/pref/WmDefault.fsc
/software/synopsys/syn_current_64.11/auxx/tcllib/lib/tix8.1.4/pref/pkgIndex.tcl
/software/synopsys/syn_current_64.11/auxx/gui/syn/layout/pkgIndex.tcl
/software/synopsys/syn_current_64.11/auxx/gui/common/histogram/pkgIndex.tcl
/software/synopsys/syn_current_64.11/auxx/gui/common/misc/pkgIndex.tcl
/software/synopsys/syn_current_64.11/auxx/gui/common/view/pkgIndex.tcl
/software/synopsys/syn_current_64.11/auxx/gui/common/tcl-dp/pkgIndex.tcl
/software/synopsys/syn_current_64.11/auxx/gui/common/fanoutviewer/pkgIndex.tcl
/software/synopsys/syn_current_64.11/auxx/gui/common/setup/pkgIndex.tcl
/software/synopsys/syn_current_64.11/auxx/gui/common/WindowFrameWork/pkgIndex.tcl
/software/synopsys/syn_current_64.11/auxx/gui/common/hierarchy/pkgIndex.tcl
/software/synopsys/syn_current_64.11/auxx/gui/common/profiler/pkgIndex.tcl
/software/synopsys/syn_current_64.11/auxx/gui/common/strokes/pkgIndex.tcl
/software/synopsys/syn_current_64.11/auxx/gui/common/timing/pkgIndex.tcl
/software/synopsys/syn_current_64.11/auxx/gui/common/dialogs/pkgIndex.tcl
/software/synopsys/syn_current_64.11/auxx/gui/common/regressionToolkit/pkgIndex.tcl
/software/synopsys/syn_current_64.11/auxx/gui/common/qtcl/pkgIndex.tcl
/software/synopsys/syn_current_64.11/auxx/gui/common/docBrowser/pkgIndex.tcl
/software/synopsys/syn_current_64.11/auxx/gui/common/highlight/pkgIndex.tcl
/software/synopsys/syn_current_64.11/auxx/gui/common/layout/pkgIndex.tcl
/software/synopsys/syn_current_64.11/auxx/gui/common/table/pkgIndex.tcl
/software/synopsys/syn_current_64.11/auxx/gui/common/schematic/pkgIndex.tcl
/software/synopsys/syn_current_64.11/auxx/gui/common/opdlg/pkgIndex.tcl
/software/synopsys/syn_current_64.11/auxx/gui/common/select/pkgIndex.tcl
/software/synopsys/syn_current_64.11/auxx/gui/common/menus/pkgIndex.tcl
/software/synopsys/syn_current_64.11/auxx/gui/common/pathinspector/pkgIndex.tcl
/software/synopsys/syn_current_64.11/auxx/gui/common/libviewer/pkgIndex.tcl
/software/synopsys/syn_current_64.11/auxx/tcllib/snps_tcl/snpsUtils/pkgIndex.tcl
/software/synopsys/syn_current_64.11/auxx/tcllib/snps_tcl/snpsTest/pkgIndex.tcl
/software/synopsys/syn_current_64.11/auxx/tcllib/snps_tcl/snpsTclPro/pkgIndex.tcl
/software/synopsys/syn_current_64.11/auxx/tcllib/snps_tcl/pkgIndex.tcl
/software/synopsys/syn_current_64.11/auxx/tcllib/lib/tcl8.4/dde/pkgIndex.tcl
/software/synopsys/syn_current_64.11/auxx/tcllib/lib/tcl8.4/tcltest/pkgIndex.tcl
/software/synopsys/syn_current_64.11/auxx/tcllib/lib/tcl8.4/http/pkgIndex.tcl
/software/synopsys/syn_current_64.11/auxx/tcllib/lib/tcl8.4/opt/pkgIndex.tcl
/software/synopsys/syn_current_64.11/auxx/tcllib/lib/tcl8.4/msgcat/pkgIndex.tcl
/software/synopsys/syn_current_64.11/auxx/tcllib/lib/tcl8.4/reg/pkgIndex.tcl
/software/synopsys/syn_current_64.11/auxx/tcllib/lib/tcl8.4/http1.0/pkgIndex.tcl
/software/synopsys/syn_current_64.11/auxx/tcllib/lib/tix8.1.4/pref/WmDefault.tcl
/software/synopsys/syn_current_64.11/auxx/tcllib/lib/tix8.1.4/pref/WmDefault.csc
/software/synopsys/syn_current_64.11/auxx/tcllib/lib/tix8.1.4/HList.tcl
/software/synopsys/syn_current_64.11/auxx/tcllib/lib/tk8.4/unsupported.tcl
/software/synopsys/syn_current_64.11/auxx/tcllib/lib/tix8.1.4/Event.tcl
/software/synopsys/syn_current_64.11/auxx/tcllib/lib/tix8.1.4/TList.tcl
/software/synopsys/syn_current_64.11/auxx/tcllib/lib/tix8.1.4/Grid.tcl
/software/synopsys/syn_current_64.11/auxx/tcllib/lib/tix8.1.4/ComboBox.tcl
/software/synopsys/syn_current_64.11/auxx/tcllib/lib/tix8.1.4/LabWidg.tcl
/software/synopsys/syn_current_64.11/auxx/tcllib/lib/tix8.1.4/Primitiv.tcl
/software/synopsys/syn_current_64.11/auxx/tcllib/lib/tix8.1.4/Control.tcl
/software/synopsys/syn_current_64.11/auxx/tcllib/lib/tix8.1.4/FloatEnt.tcl
/software/synopsys/syn_current_64.11/auxx/tcllib/lib/tix8.1.4/LabEntry.tcl
/software/synopsys/syn_current_64.11/auxx/tcllib/lib/tix8.1.4/SGrid.tcl
/software/synopsys/syn_current_64.11/auxx/tcllib/lib/tix8.1.4/SWidget.tcl
/software/synopsys/syn_current_64.11/auxx/tcllib/lib/tix8.1.4/SListBox.tcl
/software/synopsys/syn_current_64.11/auxx/gui/common/histogram/base.tcl
/software/synopsys/syn_current_64.11/auxx/gui/common/profiler/base.tcl
/software/synopsys/syn_current_64.11/auxx/gui/common/schematic/base.tcl
/software/synopsys/syn_current_64.11/auxx/gui/common/select/baseInternal.tcl
/software/synopsys/syn_current_64.11/auxx/gui/common/schematic/enable.tcl
/software/synopsys/syn_current_64.11/auxx/gui/common/schematic/netlist.tcl
/software/synopsys/syn_current_64.11/auxx/gui/common/schematic/method.tcl
/software/synopsys/syn_current_64.11/auxx/gui/common/misc/createViewType.tcl
/software/synopsys/syn_current_64.11/auxx/gui/common/menus/base.tcl
/software/synopsys/syn_current_64.11/auxx/gui/common/libviewer/base.tcl
/software/synopsys/syn_current_64.11/auxx/gui/common/misc/viewmgr.tcl
/software/synopsys/syn_current_64.11/auxx/gui/common/pathinspector/base.tcl
/software/synopsys/syn_current_64.11/auxx/gui/common/pathinspector/create_window_and_menu.tcl
/software/synopsys/syn_current_64.11/auxx/gui/common/misc/infotip.tcl
/software/synopsys/syn_current_64.11/auxx/gui/common/misc/viewporthistory.tcl
/home/ms21.21/Desktop/GR21_DLX/DLX21/syn/DLX_syn.tcl
/home/ms21.21/Desktop/GR21_DLX/DLX21/src/constants.vhd
/home/mariagrazia.graziano/do/libnangate/NangateOpenCellLibrary_typical_ecsm.db
/home/ms21.21/Desktop/GR21_DLX/DLX21/src/001-instruction_set.vhd
/home/ms21.21/Desktop/GR21_DLX/DLX21/src/01-regn.vhd
/home/ms21.21/Desktop/GR21_DLX/DLX21/src/002-func_external.vhd
/home/ms21.21/Desktop/GR21_DLX/DLX21/src/02-mux21.vhd
/home/ms21.21/Desktop/GR21_DLX/DLX21/src/03-mux41.vhd
/home/ms21.21/Desktop/GR21_DLX/DLX21/src/04-ff.vhd
/home/ms21.21/Desktop/GR21_DLX/DLX21/src/a.b-DataPath-core/a.b.f-HazardDetection.vhd
/home/ms21.21/Desktop/GR21_DLX/DLX21/src/a.b-DataPath-core/a.b.a-Fetch.vhd
/home/ms21.21/Desktop/GR21_DLX/DLX21/src/a.b-DataPath-core/a.b.b-Decode-core/a.b.b.a-registerfile.vhd
/home/ms21.21/Desktop/GR21_DLX/DLX21/src/a.b-DataPath-core/a.b.b-Decode-core/a.b.b.b-instruction_type.vhd
/home/ms21.21/Desktop/GR21_DLX/DLX21/src/a.b-DataPath-core/a.b.b-Decode-core/a.b.b.c-instruction_decomposition.vhd
/home/ms21.21/Desktop/GR21_DLX/DLX21/src/a.b-DataPath-core/a.b.b-Decode.vhd
/home/ms21.21/Desktop/GR21_DLX/DLX21/src/a.b-DataPath-core/a.b.c-Execute-core/a.b.c.a-ALU-core/a.b.c.a.c-P4Adder-core/a.b.c.a.c.a-carry_generator_generic.vhd
/home/ms21.21/Desktop/GR21_DLX/DLX21/src/a.b-DataPath-core/a.b.c-Execute-core/a.b.c.a-ALU-core/a.b.c.a.c-P4Adder-core/a.b.c.a.c.b-sum_generator.vhd
/home/ms21.21/Desktop/GR21_DLX/DLX21/src/a.b-DataPath-core/a.b.c-Execute-core/a.b.c.a-ALU-core/a.b.c.a.c-P4Adder-core/a.b.c.a.c.c-carry_select_basic.vhd
/home/ms21.21/Desktop/GR21_DLX/DLX21/src/a.b-DataPath-core/a.b.c-Execute-core/a.b.c.a-ALU-core/a.b.c.a.c-P4Adder-core/a.b.c.a.c.d-PG_net_generic.vhd
/home/ms21.21/Desktop/GR21_DLX/DLX21/src/a.b-DataPath-core/a.b.c-Execute-core/a.b.c.a-ALU-core/a.b.c.a.c-P4Adder-core/a.b.c.a.c.e-PGblock.vhd
/home/ms21.21/Desktop/GR21_DLX/DLX21/src/a.b-DataPath-core/a.b.c-Execute-core/a.b.c.a-ALU-core/a.b.c.a.c-P4Adder-core/a.b.c.a.c.f-Gblock.vhd
/home/ms21.21/Desktop/GR21_DLX/DLX21/src/a.b-DataPath-core/a.b.c-Execute-core/a.b.c.a-ALU-core/a.b.c.a.c-P4Adder-core/a.b.c.a.c.g-rca.vhd
/home/ms21.21/Desktop/GR21_DLX/DLX21/src/a.b-DataPath-core/a.b.c-Execute-core/a.b.c.a-ALU-core/a.b.c.a.c-P4Adder-core/a.b.c.a.c.h-fa.vhd
/home/ms21.21/Desktop/GR21_DLX/DLX21/src/a.b-DataPath-core/a.b.c-Execute-core/a.b.c.a-ALU-core/a.b.c.a.a-comparator.vhd
/home/ms21.21/Desktop/GR21_DLX/DLX21/src/a.b-DataPath-core/a.b.c-Execute-core/a.b.c.a-ALU-core/a.b.c.a.b-shifter.vhd
/home/ms21.21/Desktop/GR21_DLX/DLX21/src/a.b-DataPath-core/a.b.c-Execute-core/a.b.c.a-ALU-core/a.b.c.a.c-P4Adder.vhd
/home/ms21.21/Desktop/GR21_DLX/DLX21/src/a.b-DataPath-core/a.b.c-Execute-core/a.b.c.a-ALU.vhd
/home/ms21.21/Desktop/GR21_DLX/DLX21/src/a.b-DataPath-core/a.b.c-Execute-core/a.b.c.b-Branch_Cond_Unit.vhd
/home/ms21.21/Desktop/GR21_DLX/DLX21/src/a.b-DataPath-core/a.b.c-Execute-core/a.b.c.c-FWD_Unit.vhd
/home/ms21.21/Desktop/GR21_DLX/DLX21/src/a.b-DataPath-core/a.b.c-Execute.vhd
/home/ms21.21/Desktop/GR21_DLX/DLX21/src/a.b-DataPath-core/a.b.d-Memory.vhd
/home/ms21.21/Desktop/GR21_DLX/DLX21/src/a.b-DataPath-core/a.b.e-Writeback.vhd
/home/ms21.21/Desktop/GR21_DLX/DLX21/src/a.a-CU.vhd
/home/ms21.21/Desktop/GR21_DLX/DLX21/src/a.b-Datapath.vhd
/home/ms21.21/Desktop/GR21_DLX/DLX21/src/a-DLX.vhd
/software/synopsys/syn_current_64.11/libraries/syn/gtech.db
/software/synopsys/syn_current_64.11/libraries/syn/standard.sldb
/home/ms21.21/synopsys_cache_F-2011.09-SP3/DW01/DW01_cmp6/rpl/5/NangateOpenCellLibrary_typical_ecsm_7321/element.ddc
/home/ms21.21/synopsys_cache_F-2011.09-SP3/DW01/DW01_sub/rpl/32/NangateOpenCellLibrary_typical_ecsm_7321/element.ddc
/home/ms21.21/synopsys_cache_F-2011.09-SP3/DW01/DW01_cmp6/rpl/32/NangateOpenCellLibrary_typical_ecsm_7321/element.ddc
/home/ms21.21/synopsys_cache_F-2011.09-SP3/DW01/DW01_add/rpl/32/NangateOpenCellLibrary_typical_ecsm_7321/element.ddc
/home/ms21.21/synopsys_cache_F-2011.09-SP3/DW01/DW01_add/rpl/32/NangateOpenCellLibrary_typical_ecsm_7321_8167_4702/element.ddc
/home/ms21.21/synopsys_cache_F-2011.09-SP3/DW01/DW01_add/cla/32/NangateOpenCellLibrary_typical_ecsm_7321_8167_4702/element.ddc
/home/ms21.21/synopsys_cache_F-2011.09-SP3/DW01/DW01_add/rpl/32/NangateOpenCellLibrary_typical_ecsm_7321_7183_4702/element.ddc
/home/ms21.21/synopsys_cache_F-2011.09-SP3/DW01/DW01_add/cla/32/NangateOpenCellLibrary_typical_ecsm_7321_7183_4702/element.ddc
/home/ms21.21/synopsys_cache_F-2011.09-SP3/DW01/DW01_add/cla/32/NangateOpenCellLibrary_typical_ecsm_7321/element.ddc
/home/mariagrazia.graziano/do/libnangate/NangateOpenCellLibrary_typical_ecsm.db
